<?xml version="1.0" encoding="UTF-8"?>
<testsuite name="com.quantitymeasurement.QuantityMeasurementTest" tests="3" skipped="0" failures="0" errors="0" timestamp="2020-07-16T11:13:54" hostname="LAPTOP-GBE6S254" time="0.004">
  <properties/>
  <testcase name="given1Yard_WhenComparedBy36Inch_ShouldReturnTrue" classname="com.quantitymeasurement.QuantityMeasurementTest" time="0.003"/>
  <testcase name="given1Feet_WhenComparedBy12Inch_ShouldReturnTrue" classname="com.quantitymeasurement.QuantityMeasurementTest" time="0.0"/>
  <testcase name="given0Feet_WhenComparedWithAnother0Feet_ShouldReturnTrue" classname="com.quantitymeasurement.QuantityMeasurementTest" time="0.0"/>
  <system-out><![CDATA[]]></system-out>
  <system-err><![CDATA[]]></system-err>
</testsuite>
