<?xml version="1.0" encoding="UTF-8"?>
<testsuite name="com.quantitymeasurement.QuantityMeasurementTest" tests="2" skipped="0" failures="0" errors="0" timestamp="2020-07-16T11:04:28" hostname="HARITHA-RUGADA" time="0.006">
  <properties/>
  <testcase name="given1Feet_WhenComparedBy12Inch_ShouldReturnTrue" classname="com.quantitymeasurement.QuantityMeasurementTest" time="0.005"/>
  <testcase name="given0Feet_WhenComparedWithAnother0Feet_ShouldReturnTrue" classname="com.quantitymeasurement.QuantityMeasurementTest" time="0.0"/>
  <system-out><![CDATA[]]></system-out>
  <system-err><![CDATA[]]></system-err>
</testsuite>
