<?xml version="1.0" encoding="UTF-8"?>
<testsuite name="com.quantitymeasurement.QuantityMeasurementTest" tests="1" skipped="0" failures="0" errors="0" timestamp="2020-07-16T10:54:38" hostname="LAPTOP-GBE6S254" time="0.004">
  <properties/>
  <testcase name="given0Feet_WhenComparedWithAnother0Feet_ShouldReturnTrue" classname="com.quantitymeasurement.QuantityMeasurementTest" time="0.004"/>
  <system-out><![CDATA[]]></system-out>
  <system-err><![CDATA[]]></system-err>
</testsuite>
